{
  "stats": {
    "suites": 1,
    "tests": 3,
    "passes": 3,
    "pending": 0,
    "failures": 0,
    "start": "2025-05-12T23:40:52.892Z",
    "end": "2025-05-12T23:40:54.308Z",
    "duration": 1416,
    "testsRegistered": 3,
    "passPercent": 100,
    "pendingPercent": 0,
    "other": 0,
    "hasOther": false,
    "skipped": 0,
    "hasSkipped": false
  },
  "results": [
    {
      "uuid": "d950e61a-7fd8-4149-9d3b-85c79d99d444",
      "title": "",
      "fullFile": "cypress/e2e/get-booking.cy.js",
      "file": "cypress/e2e/get-booking.cy.js",
      "beforeHooks": [],
      "afterHooks": [],
      "tests": [],
      "suites": [
        {
          "uuid": "5f4b64a3-983f-4d4e-85cc-73af9bbd74bc",
          "title": "Get Booking",
          "fullFile": "",
          "file": "",
          "beforeHooks": [],
          "afterHooks": [],
          "tests": [
            {
              "title": "buscar todas as reservas",
              "fullTitle": "Get Booking buscar todas as reservas",
              "timedOut": null,
              "duration": 852,
              "state": "passed",
              "speed": "fast",
              "pass": true,
              "fail": false,
              "pending": false,
              "context": null,
              "code": "cy.request({\n  method: 'GET',\n  url: 'https://restful-booker.herokuapp.com/booking',\n  failOnStatusCode: false\n}).then(response => {\n  expect(response.status).to.eql(200);\n});",
              "err": {},
              "uuid": "2aad460e-45e8-42d7-975c-5f7908b3afc8",
              "parentUUID": "5f4b64a3-983f-4d4e-85cc-73af9bbd74bc",
              "isHook": false,
              "skipped": false
            },
            {
              "title": "buscar reserva por id",
              "fullTitle": "Get Booking buscar reserva por id",
              "timedOut": null,
              "duration": 356,
              "state": "passed",
              "speed": "fast",
              "pass": true,
              "fail": false,
              "pending": false,
              "context": null,
              "code": "cy.criarReserva(body_criar_reserva).then(response => {\n  expect(response.status).to.eql(200);\n  const id_reserva = response.body.bookingid;\n  expect(id_reserva).not.to.be.null;\n  cy.buscarReservaPorId(id_reserva).then(response => {\n    expect(response.status).to.eql(200);\n    expect(response.body.firstname).to.exist;\n  });\n});",
              "err": {},
              "uuid": "b647acc4-cc82-4641-bc26-81009b442ed9",
              "parentUUID": "5f4b64a3-983f-4d4e-85cc-73af9bbd74bc",
              "isHook": false,
              "skipped": false
            },
            {
              "title": "buscar reserva por id invalido",
              "fullTitle": "Get Booking buscar reserva por id invalido",
              "timedOut": null,
              "duration": 174,
              "state": "passed",
              "speed": "fast",
              "pass": true,
              "fail": false,
              "pending": false,
              "context": null,
              "code": "var id_reserva_invalido = 12546;\ncy.buscarReservaPorId(id_reserva_invalido).then(response => {\n  expect(response.status).to.eql(404);\n});",
              "err": {},
              "uuid": "4a2562ea-ab23-467a-905f-6c062bcc364b",
              "parentUUID": "5f4b64a3-983f-4d4e-85cc-73af9bbd74bc",
              "isHook": false,
              "skipped": false
            }
          ],
          "suites": [],
          "passes": [
            "2aad460e-45e8-42d7-975c-5f7908b3afc8",
            "b647acc4-cc82-4641-bc26-81009b442ed9",
            "4a2562ea-ab23-467a-905f-6c062bcc364b"
          ],
          "failures": [],
          "pending": [],
          "skipped": [],
          "duration": 1382,
          "root": false,
          "rootEmpty": false,
          "_timeout": 2000
        }
      ],
      "passes": [],
      "failures": [],
      "pending": [],
      "skipped": [],
      "duration": 0,
      "root": true,
      "rootEmpty": true,
      "_timeout": 2000
    }
  ],
  "meta": {
    "mocha": {
      "version": "7.2.0"
    },
    "mochawesome": {
      "options": {
        "quiet": false,
        "reportFilename": "mochawesome",
        "saveHtml": true,
        "saveJson": true,
        "consoleReporter": "spec",
        "useInlineDiffs": false,
        "code": true
      },
      "version": "7.1.3"
    },
    "marge": {
      "options": {
        "reportDir": "cypress/reports/mochawesome",
        "overwrite": false,
        "html": true,
        "json": true
      },
      "version": "6.2.0"
    }
  }
}